<?xml version="1.0" encoding="UTF-8"?>
<coverage generated="1638693736137" clover="3.2.0">
  <project timestamp="1638693736137" name="All files">
    <metrics statements="27" coveredstatements="27" conditionals="8" coveredconditionals="8" methods="5" coveredmethods="5" elements="40" coveredelements="40" complexity="0" loc="27" ncloc="27" packages="1" files="1" classes="1"/>
    <file name="index.js" path="/mnt/d/Web Projects/frontend-project-lvl2/src/index.js">
      <metrics statements="27" coveredstatements="27" conditionals="8" coveredconditionals="8" methods="5" coveredmethods="5"/>
      <line num="5" count="2" type="stmt"/>
      <line num="7" count="1" type="stmt"/>
      <line num="8" count="1" type="stmt"/>
      <line num="10" count="1" type="stmt"/>
      <line num="11" count="5" type="cond" truecount="2" falsecount="0"/>
      <line num="12" count="1" type="stmt"/>
      <line num="15" count="4" type="cond" truecount="2" falsecount="0"/>
      <line num="16" count="2" type="stmt"/>
      <line num="19" count="2" type="cond" truecount="2" falsecount="0"/>
      <line num="20" count="1" type="stmt"/>
      <line num="23" count="1" type="stmt"/>
      <line num="26" count="1" type="stmt"/>
      <line num="29" count="1" type="stmt"/>
      <line num="30" count="5" type="cond" truecount="2" falsecount="0"/>
      <line num="31" count="1" type="stmt"/>
      <line num="32" count="1" type="stmt"/>
      <line num="33" count="1" type="stmt"/>
      <line num="35" count="4" type="stmt"/>
      <line num="37" count="5" type="stmt"/>
      <line num="40" count="1" type="stmt"/>
      <line num="41" count="1" type="stmt"/>
      <line num="42" count="1" type="stmt"/>
      <line num="44" count="1" type="stmt"/>
      <line num="45" count="1" type="stmt"/>
      <line num="47" count="1" type="stmt"/>
      <line num="48" count="1" type="stmt"/>
      <line num="52" count="1" type="stmt"/>
    </file>
  </project>
</coverage>
