{"/mnt/d/Web Projects/frontend-project-lvl2/src/index.js": {"path":"/mnt/d/Web Projects/frontend-project-lvl2/src/index.js","statementMap":{"0":{"start":{"line":5,"column":27},"end":{"line":5,"column":86}},"1":{"start":{"line":5,"column":41},"end":{"line":5,"column":86}},"2":{"start":{"line":7,"column":23},"end":{"line":27,"column":1}},"3":{"start":{"line":8,"column":20},"end":{"line":8,"column":70}},"4":{"start":{"line":10,"column":17},"end":{"line":24,"column":4}},"5":{"start":{"line":11,"column":4},"end":{"line":13,"column":5}},"6":{"start":{"line":12,"column":6},"end":{"line":12,"column":57}},"7":{"start":{"line":15,"column":4},"end":{"line":17,"column":5}},"8":{"start":{"line":16,"column":6},"end":{"line":16,"column":56}},"9":{"start":{"line":19,"column":4},"end":{"line":21,"column":5}},"10":{"start":{"line":20,"column":6},"end":{"line":20,"column":56}},"11":{"start":{"line":23,"column":4},"end":{"line":23,"column":93}},"12":{"start":{"line":26,"column":2},"end":{"line":26,"column":33}},"13":{"start":{"line":29,"column":31},"end":{"line":38,"column":1}},"14":{"start":{"line":30,"column":2},"end":{"line":36,"column":3}},"15":{"start":{"line":31,"column":30},"end":{"line":31,"column":35}},"16":{"start":{"line":32,"column":4},"end":{"line":32,"column":38}},"17":{"start":{"line":33,"column":4},"end":{"line":33,"column":37}},"18":{"start":{"line":35,"column":4},"end":{"line":35,"column":42}},"19":{"start":{"line":37,"column":2},"end":{"line":37,"column":13}},"20":{"start":{"line":40,"column":16},"end":{"line":53,"column":1}},"21":{"start":{"line":41,"column":27},"end":{"line":41,"column":56}},"22":{"start":{"line":42,"column":28},"end":{"line":42,"column":57}},"23":{"start":{"line":44,"column":24},"end":{"line":44,"column":52}},"24":{"start":{"line":45,"column":25},"end":{"line":45,"column":54}},"25":{"start":{"line":47,"column":15},"end":{"line":47,"column":60}},"26":{"start":{"line":48,"column":17},"end":{"line":50,"column":15}},"27":{"start":{"line":52,"column":2},"end":{"line":52,"column":27}}},"fnMap":{"0":{"name":"(anonymous_0)","decl":{"start":{"line":5,"column":27},"end":{"line":5,"column":28}},"loc":{"start":{"line":5,"column":41},"end":{"line":5,"column":86}},"line":5},"1":{"name":"(anonymous_1)","decl":{"start":{"line":7,"column":23},"end":{"line":7,"column":24}},"loc":{"start":{"line":7,"column":54},"end":{"line":27,"column":1}},"line":7},"2":{"name":"(anonymous_2)","decl":{"start":{"line":10,"column":31},"end":{"line":10,"column":32}},"loc":{"start":{"line":10,"column":40},"end":{"line":24,"column":3}},"line":10},"3":{"name":"(anonymous_3)","decl":{"start":{"line":29,"column":31},"end":{"line":29,"column":32}},"loc":{"start":{"line":29,"column":61},"end":{"line":38,"column":1}},"line":29},"4":{"name":"(anonymous_4)","decl":{"start":{"line":40,"column":16},"end":{"line":40,"column":17}},"loc":{"start":{"line":40,"column":42},"end":{"line":53,"column":1}},"line":40}},"branchMap":{"0":{"loc":{"start":{"line":11,"column":4},"end":{"line":13,"column":5}},"type":"if","locations":[{"start":{"line":11,"column":4},"end":{"line":13,"column":5}},{"start":{},"end":{}}],"line":11},"1":{"loc":{"start":{"line":15,"column":4},"end":{"line":17,"column":5}},"type":"if","locations":[{"start":{"line":15,"column":4},"end":{"line":17,"column":5}},{"start":{},"end":{}}],"line":15},"2":{"loc":{"start":{"line":19,"column":4},"end":{"line":21,"column":5}},"type":"if","locations":[{"start":{"line":19,"column":4},"end":{"line":21,"column":5}},{"start":{},"end":{}}],"line":19},"3":{"loc":{"start":{"line":30,"column":2},"end":{"line":36,"column":3}},"type":"if","locations":[{"start":{"line":30,"column":2},"end":{"line":36,"column":3}},{"start":{"line":34,"column":9},"end":{"line":36,"column":3}}],"line":30}},"s":{"0":1,"1":2,"2":1,"3":1,"4":1,"5":5,"6":1,"7":4,"8":2,"9":2,"10":1,"11":1,"12":1,"13":1,"14":5,"15":1,"16":1,"17":1,"18":4,"19":5,"20":1,"21":1,"22":1,"23":1,"24":1,"25":1,"26":1,"27":1},"f":{"0":2,"1":1,"2":5,"3":5,"4":1},"b":{"0":[1,4],"1":[2,2],"2":[1,1],"3":[1,4]},"_coverageSchema":"1a1c01bbd47fc00a2c39e90264f33305004495a9","hash":"71139c86e6f3568e14d9f84711e09cad1c196998"}
}
