TN:
SF:src/index.js
FN:5,(anonymous_0)
FN:7,(anonymous_1)
FN:10,(anonymous_2)
FN:29,(anonymous_3)
FN:40,(anonymous_4)
FNF:5
FNH:5
FNDA:2,(anonymous_0)
FNDA:1,(anonymous_1)
FNDA:5,(anonymous_2)
FNDA:5,(anonymous_3)
FNDA:1,(anonymous_4)
DA:5,2
DA:7,1
DA:8,1
DA:10,1
DA:11,5
DA:12,1
DA:15,4
DA:16,2
DA:19,2
DA:20,1
DA:23,1
DA:26,1
DA:29,1
DA:30,5
DA:31,1
DA:32,1
DA:33,1
DA:35,4
DA:37,5
DA:40,1
DA:41,1
DA:42,1
DA:44,1
DA:45,1
DA:47,1
DA:48,1
DA:52,1
LF:27
LH:27
BRDA:11,0,0,1
BRDA:11,0,1,4
BRDA:15,1,0,2
BRDA:15,1,1,2
BRDA:19,2,0,1
BRDA:19,2,1,1
BRDA:30,3,0,1
BRDA:30,3,1,4
BRF:8
BRH:8
end_of_record
